<?xml version="1.0" encoding="UTF-8"?>
<!-- Generated by org.testng.reporters.JUnitXMLReporter -->
<testsuite ignored="0" hostname="DESKTOP-AD1H9CQ" failures="0" tests="8" name="Default test" time="74.362" errors="0" timestamp="2023-05-25T09:06:48 IST">
  <testcase classname="NYKAA_TestNG.TestNG" name="browser_Launch" time="7.9"/>
  <testcase classname="NYKAA_TestNG.TestNG" name="log_In" time="17.481"/>
  <testcase classname="NYKAA_TestNG.TestNG" name="Makeup_Product" time="14.905"/>
  <testcase classname="NYKAA_TestNG.TestNG" name="Makeup_Remover_Product" time="3.418"/>
  <testcase classname="NYKAA_TestNG.TestNG" name="product_Click" time="7.269"/>
  <testcase classname="NYKAA_TestNG.TestNG" name="Product_Page_TO_Cart" time="11.836"/>
  <testcase classname="NYKAA_TestNG.TestNG" name="Payment_Method" time="5.824"/>
  <testcase classname="NYKAA_TestNG.TestNG" name="log_Out" time="5.556"/>
</testsuite> <!-- Default test -->
