<?xml version="1.0" encoding="UTF-8"?>
<!-- Generated by org.testng.reporters.JUnitXMLReporter -->
<testsuite ignored="0" hostname="DESKTOP-AD1H9CQ" failures="0" tests="8" name="Testfire" time="0.24" errors="0" timestamp="2023-05-19T09:50:39 IST">
  <testcase classname="NYKAA_TestNG.TestNG" name="@BeforeClass setup" time="-1.684470039158E9">
    <failure type="org.testng.TestNGException" message="
Can inject only one of &amp;lt;ITestContext, XmlTest&amp;gt; into a @BeforeClass annotated setup.
For more information on native dependency injection please refer to https://testng.org/doc/documentation-main.html#native-dependency-injection">
      <![CDATA[org.testng.TestNGException: 
Can inject only one of <ITestContext, XmlTest> into a @BeforeClass annotated setup.
For more information on native dependency injection please refer to https://testng.org/doc/documentation-main.html#native-dependency-injection
at java.base/java.util.ArrayList.forEach(ArrayList.java:1511)
... Removed 22 stack frames]]>
    </failure>
  </testcase> <!-- @BeforeClass setup -->
  <testcase classname="NYKAA_TestNG.TestNG" name="@BeforeMethod browser_Launch" time="-1.684470039176E9">
    <skipped/>
  </testcase> <!-- @BeforeMethod browser_Launch -->
  <testcase classname="NYKAA_TestNG.TestNG" name="@AfterMethod log_Out" time="-1.684470039184E9">
    <skipped/>
  </testcase> <!-- @AfterMethod log_Out -->
  <testcase classname="NYKAA_TestNG.TestNG" name="@BeforeMethod browser_Launch" time="-1.6844700392E9">
    <skipped/>
  </testcase> <!-- @BeforeMethod browser_Launch -->
  <testcase classname="NYKAA_TestNG.TestNG" name="@AfterMethod log_Out" time="-1.684470039215E9">
    <skipped/>
  </testcase> <!-- @AfterMethod log_Out -->
  <testcase classname="NYKAA_TestNG.TestNG" name="@BeforeMethod browser_Launch" time="-1.684470039242E9">
    <skipped/>
  </testcase> <!-- @BeforeMethod browser_Launch -->
  <testcase classname="NYKAA_TestNG.TestNG" name="@AfterMethod log_Out" time="-1.684470039273E9">
    <skipped/>
  </testcase> <!-- @AfterMethod log_Out -->
  <testcase classname="NYKAA_TestNG.TestNG" name="@BeforeMethod browser_Launch" time="-1.68447003928E9">
    <skipped/>
  </testcase> <!-- @BeforeMethod browser_Launch -->
  <testcase classname="NYKAA_TestNG.TestNG" name="@AfterMethod log_Out" time="-1.684470039308E9">
    <skipped/>
  </testcase> <!-- @AfterMethod log_Out -->
  <testcase classname="NYKAA_TestNG.TestNG" name="@BeforeMethod browser_Launch" time="-1.684470039314E9">
    <skipped/>
  </testcase> <!-- @BeforeMethod browser_Launch -->
  <testcase classname="NYKAA_TestNG.TestNG" name="@AfterMethod log_Out" time="-1.68447003933E9">
    <skipped/>
  </testcase> <!-- @AfterMethod log_Out -->
  <testcase classname="NYKAA_TestNG.TestNG" name="@BeforeMethod browser_Launch" time="-1.684470039346E9">
    <skipped/>
  </testcase> <!-- @BeforeMethod browser_Launch -->
  <testcase classname="NYKAA_TestNG.TestNG" name="@AfterMethod log_Out" time="-1.684470039356E9">
    <skipped/>
  </testcase> <!-- @AfterMethod log_Out -->
  <testcase classname="NYKAA_TestNG.TestNG" name="@BeforeMethod browser_Launch" time="-1.684470039358E9">
    <skipped/>
  </testcase> <!-- @BeforeMethod browser_Launch -->
  <testcase classname="NYKAA_TestNG.TestNG" name="@AfterMethod log_Out" time="-1.684470039363E9">
    <skipped/>
  </testcase> <!-- @AfterMethod log_Out -->
  <testcase classname="NYKAA_TestNG.TestNG" name="@BeforeMethod browser_Launch" time="-1.684470039366E9">
    <skipped/>
  </testcase> <!-- @BeforeMethod browser_Launch -->
  <testcase classname="NYKAA_TestNG.TestNG" name="@AfterMethod log_Out" time="-1.684470039379E9">
    <skipped/>
  </testcase> <!-- @AfterMethod log_Out -->
  <testcase classname="NYKAA_TestNG.TestNG" name="@AfterClass browser" time="-1.684470039384E9">
    <skipped/>
  </testcase> <!-- @AfterClass browser -->
  <testcase classname="NYKAA_TestNG.TestNG" name="window_Manage_Max" time="0.0">
    <skipped/>
  </testcase> <!-- window_Manage_Max -->
  <testcase classname="NYKAA_TestNG.TestNG" name="log_In" time="0.0">
    <skipped/>
  </testcase> <!-- log_In -->
  <testcase classname="NYKAA_TestNG.TestNG" name="Makeup_Product" time="0.0">
    <skipped/>
  </testcase> <!-- Makeup_Product -->
  <testcase classname="NYKAA_TestNG.TestNG" name="Makeup_Remover_Product" time="0.0">
    <skipped/>
  </testcase> <!-- Makeup_Remover_Product -->
  <testcase classname="NYKAA_TestNG.TestNG" name="product_Click" time="0.0">
    <skipped/>
  </testcase> <!-- product_Click -->
  <testcase classname="NYKAA_TestNG.TestNG" name="Product_Page_TO_Cart" time="0.0">
    <skipped/>
  </testcase> <!-- Product_Page_TO_Cart -->
  <testcase classname="NYKAA_TestNG.TestNG" name="Payment_Method" time="0.0">
    <skipped/>
  </testcase> <!-- Payment_Method -->
  <testcase classname="NYKAA_TestNG.TestNG" name="window_Manage_Mini" time="0.0">
    <skipped/>
  </testcase> <!-- window_Manage_Mini -->
</testsuite> <!-- Testfire -->
