<?xml version="1.0" encoding="UTF-8"?>
<!-- Generated by org.testng.reporters.JUnitXMLReporter -->
<testsuite ignored="0" hostname="DESKTOP-AD1H9CQ" failures="8" tests="8" name="TestFirefox" time="3.283" errors="0" timestamp="2023-05-20T15:09:48 IST">
  <testcase classname="NYKAA_TestNG.TestNG_Cross_Browser_Testing" name="@AfterClass browser_quit" time="0.0">
    <failure type="java.lang.NullPointerException" message="Cannot invoke &amp;quot;org.openqa.selenium.WebDriver.close()&amp;quot; because &amp;quot;NEW_PROJECT_Nykaa.Base_Class.driver&amp;quot; is null">
      <![CDATA[java.lang.NullPointerException: Cannot invoke "org.openqa.selenium.WebDriver.close()" because "NEW_PROJECT_Nykaa.Base_Class.driver" is null
at NEW_PROJECT_Nykaa.Base_Class.browser_Close(Base_Class.java:346)
at NYKAA_TestNG.TestNG_Cross_Browser_Testing.browser_quit(TestNG_Cross_Browser_Testing.java:223)
at java.base/java.util.ArrayList.forEach(ArrayList.java:1511)
... Removed 25 stack frames]]>
    </failure>
  </testcase> <!-- @AfterClass browser_quit -->
  <testcase classname="NYKAA_TestNG.TestNG_Cross_Browser_Testing" name="browser_Launch" time="0.003">
    <failure type="java.lang.NullPointerException" message="Cannot invoke &amp;quot;org.openqa.selenium.WebDriver.get(String)&amp;quot; because &amp;quot;NEW_PROJECT_Nykaa.Base_Class.driver&amp;quot; is null">
      <![CDATA[java.lang.NullPointerException: Cannot invoke "org.openqa.selenium.WebDriver.get(String)" because "NEW_PROJECT_Nykaa.Base_Class.driver" is null
at NEW_PROJECT_Nykaa.Base_Class.getUrl(Base_Class.java:63)
at NYKAA_TestNG.TestNG_Cross_Browser_Testing.browser_Launch(TestNG_Cross_Browser_Testing.java:75)
at java.base/java.util.ArrayList.forEach(ArrayList.java:1511)
... Removed 27 stack frames]]>
    </failure>
  </testcase> <!-- browser_Launch -->
  <testcase classname="NYKAA_TestNG.TestNG_Cross_Browser_Testing" name="log_In" time="0.0">
    <failure type="org.testng.TestNGException" message="
Cannot inject @Test annotated Method [log_In] with [class java.lang.String].
For more information on native dependency injection please refer to https://testng.org/doc/documentation-main.html#native-dependency-injection">
      <![CDATA[org.testng.TestNGException: 
Cannot inject @Test annotated Method [log_In] with [class java.lang.String].
For more information on native dependency injection please refer to https://testng.org/doc/documentation-main.html#native-dependency-injection
at java.base/java.util.ArrayList.forEach(ArrayList.java:1511)
... Removed 26 stack frames]]>
    </failure>
  </testcase> <!-- log_In -->
  <testcase classname="NYKAA_TestNG.TestNG_Cross_Browser_Testing" name="Makeup_Product" time="0.008">
    <failure type="java.lang.IllegalArgumentException" message="Driver must be set">
      <![CDATA[java.lang.IllegalArgumentException: Driver must be set
at org.openqa.selenium.internal.Require.nonNull(Require.java:59)
at org.openqa.selenium.interactions.Actions.<init>(Actions.java:60)
at NEW_PROJECT_Nykaa.Base_Class.moveTOelement(Base_Class.java:707)
at NYKAA_TestNG.TestNG_Cross_Browser_Testing.Makeup_Product(TestNG_Cross_Browser_Testing.java:110)
at java.base/java.util.ArrayList.forEach(ArrayList.java:1511)
... Removed 27 stack frames]]>
    </failure>
  </testcase> <!-- Makeup_Product -->
  <testcase classname="NYKAA_TestNG.TestNG_Cross_Browser_Testing" name="Makeup_Remover_Product" time="0.003">
    <failure type="java.lang.NullPointerException" message="Cannot invoke &amp;quot;org.openqa.selenium.WebDriver.getTitle()&amp;quot; because &amp;quot;NYKAA_TestNG.TestNG_Cross_Browser_Testing.driver&amp;quot; is null">
      <![CDATA[java.lang.NullPointerException: Cannot invoke "org.openqa.selenium.WebDriver.getTitle()" because "NYKAA_TestNG.TestNG_Cross_Browser_Testing.driver" is null
at NYKAA_TestNG.TestNG_Cross_Browser_Testing.Makeup_Remover_Product(TestNG_Cross_Browser_Testing.java:122)
at java.base/java.util.ArrayList.forEach(ArrayList.java:1511)
... Removed 27 stack frames]]>
    </failure>
  </testcase> <!-- Makeup_Remover_Product -->
  <testcase classname="NYKAA_TestNG.TestNG_Cross_Browser_Testing" name="product_Click" time="0.018">
    <failure type="java.lang.NullPointerException" message="Cannot invoke &amp;quot;org.openqa.selenium.JavascriptExecutor.executeScript(String, Object[])&amp;quot; because &amp;quot;je&amp;quot; is null">
      <![CDATA[java.lang.NullPointerException: Cannot invoke "org.openqa.selenium.JavascriptExecutor.executeScript(String, Object[])" because "je" is null
at NEW_PROJECT_Nykaa.Base_Class.scrollIntoView(Base_Class.java:387)
at NYKAA_TestNG.TestNG_Cross_Browser_Testing.product_Click(TestNG_Cross_Browser_Testing.java:134)
at java.base/java.util.ArrayList.forEach(ArrayList.java:1511)
... Removed 27 stack frames]]>
    </failure>
  </testcase> <!-- product_Click -->
  <testcase classname="NYKAA_TestNG.TestNG_Cross_Browser_Testing" name="Product_Page_TO_Cart" time="0.006">
    <failure type="java.lang.NullPointerException" message="Cannot invoke &amp;quot;org.openqa.selenium.WebDriver.getTitle()&amp;quot; because &amp;quot;NYKAA_TestNG.TestNG_Cross_Browser_Testing.driver&amp;quot; is null">
      <![CDATA[java.lang.NullPointerException: Cannot invoke "org.openqa.selenium.WebDriver.getTitle()" because "NYKAA_TestNG.TestNG_Cross_Browser_Testing.driver" is null
at NYKAA_TestNG.TestNG_Cross_Browser_Testing.Product_Page_TO_Cart(TestNG_Cross_Browser_Testing.java:156)
at java.base/java.util.ArrayList.forEach(ArrayList.java:1511)
... Removed 27 stack frames]]>
    </failure>
  </testcase> <!-- Product_Page_TO_Cart -->
  <testcase classname="NYKAA_TestNG.TestNG_Cross_Browser_Testing" name="Payment_Method" time="0.002">
    <failure type="java.lang.NullPointerException" message="Cannot invoke &amp;quot;org.openqa.selenium.SearchContext.findElement(org.openqa.selenium.By)&amp;quot; because &amp;quot;this.searchContext&amp;quot; is null">
      <![CDATA[java.lang.NullPointerException: Cannot invoke "org.openqa.selenium.SearchContext.findElement(org.openqa.selenium.By)" because "this.searchContext" is null
at org.openqa.selenium.support.pagefactory.DefaultElementLocator.findElement(DefaultElementLocator.java:70)
at org.openqa.selenium.support.pagefactory.internal.LocatingElementHandler.invoke(LocatingElementHandler.java:39)
at jdk.proxy2/jdk.proxy2.$Proxy13.click(Unknown Source)
at NEW_PROJECT_Nykaa.Base_Class.click(Base_Class.java:120)
at NYKAA_TestNG.TestNG_Cross_Browser_Testing.Payment_Method(TestNG_Cross_Browser_Testing.java:179)
at java.base/java.util.ArrayList.forEach(ArrayList.java:1511)
... Removed 27 stack frames]]>
    </failure>
  </testcase> <!-- Payment_Method -->
  <testcase classname="NYKAA_TestNG.TestNG_Cross_Browser_Testing" name="log_Out" time="3.028">
    <failure type="java.lang.NullPointerException" message="Cannot invoke &amp;quot;org.openqa.selenium.WebDriver.getWindowHandles()&amp;quot; because &amp;quot;NEW_PROJECT_Nykaa.Base_Class.driver&amp;quot; is null">
      <![CDATA[java.lang.NullPointerException: Cannot invoke "org.openqa.selenium.WebDriver.getWindowHandles()" because "NEW_PROJECT_Nykaa.Base_Class.driver" is null
at NEW_PROJECT_Nykaa.Base_Class.multiple_WindowhandlingURL(Base_Class.java:220)
at NYKAA_TestNG.TestNG_Cross_Browser_Testing.log_Out(TestNG_Cross_Browser_Testing.java:208)
at java.base/java.util.ArrayList.forEach(ArrayList.java:1511)
... Removed 27 stack frames]]>
    </failure>
  </testcase> <!-- log_Out -->
</testsuite> <!-- TestFirefox -->
